Arguments: 
  C:\Program Files\nodejs\node.exe C:\Users\Wilbrord\AppData\Roaming\npm\node_modules\yarn\bin\yarn.js add @hapi/joi

PATH: 
  C:\Users\Wilbrord\bin;C:\Program Files\Git\mingw64\bin;C:\Program Files\Git\usr\local\bin;C:\Program Files\Git\usr\bin;C:\Program Files\Git\usr\bin;C:\Program Files\Git\mingw64\bin;C:\Program Files\Git\usr\bin;C:\Users\Wilbrord\bin;C:\Program Files\NVIDIA GPU Computing Toolkit\CUDA\v12.0\bin;C:\Program Files\NVIDIA GPU Computing Toolkit\CUDA\v12.0\libnvvp;C:\Windows\system32;C:\Windows;C:\Windows\System32\Wbem;C:\Windows\System32\WindowsPowerShell\v1.0;C:\Windows\System32\OpenSSH;C:\Program Files\Microsoft VS Code\bin;C:\Program Files\Git\cmd;C:\Program Files\Microchip\xc8\v2.36\bin;C:\Program Files\nodejs;C:\Program Files\CMake\bin;C:\Program Files\NVIDIA Corporation\Nsight Compute 2022.4.0;C:\Program Files (x86)\NVIDIA Corporation\PhysX\Common;C:\opencv\build\x64\vc16\bin;C:\opencv\build\include;C:\Program Files (x86)\dotnet;C:\Users\Wilbrord\miniconda3;C:\Users\Wilbrord\miniconda3\Library\mingw-w64\bin;C:\Users\Wilbrord\miniconda3\Library\usr\bin;C:\Users\Wilbrord\miniconda3\Library\bin;C:\Users\Wilbrord\miniconda3\Scripts;C:\Windows\system32;C:\Windows;C:\Windows\System32\Wbem;C:\Windows\System32\WindowsPowerShell\v1.0;C:\Windows\System32\OpenSSH;C:\Program Files\Microsoft VS Code\bin;C:\Program Files\Git\cmd;C:\Program Files\Microchip\xc8\v2.36\bin;C:\Program Files\nodejs;C:\Users\Wilbrord\AppData\Local\Microsoft\WindowsApps;C:\Users\Wilbrord\AppData\Local\Programs\Microsoft VS Code\bin;C:\Users\Wilbrord\AppData\Roaming\npm;C:\Users\Wilbrord\AppData\Local\GitHubDesktop\bin;C:\Users\Wilbrord\AppData\Local\Programs\Python\Python311\Scripts;C:\opencv\build;C:\opencv\build\include;C:\opencv\build\x64\vc16\bin;C:\opencv\build\x64\vc16\lib;C:\opencv\build\x64\vc16\bin;C:\Program Files\Git\usr\bin\vendor_perl;C:\Program Files\Git\usr\bin\core_perl

Yarn version: 
  1.22.19

Node version: 
  16.15.1

Platform: 
  win32 x64

Trace: 
  Error: getaddrinfo ENOTFOUND registry.yarnpkg.com
      at GetAddrInfoReqWrap.onlookup [as oncomplete] (node:dns:71:26)

npm manifest: 
  {
    "name": "my-backend",
    "version": "1.0.0",
    "description": "Backend of my brand",
    "main": "app.js",
    "scripts": {
      "start": "nodemon app.js"
    },
    "author": "wilbrord",
    "license": "ISC",
    "dependencies": {
      "body-parser": "^1.20.1",
      "cors": "^2.8.5",
      "dotenv": "^16.0.3",
      "express": "^4.18.2",
      "mongoose": "^6.8.4",
      "nodemon": "^2.0.20"
    }
  }

yarn manifest: 
  No manifest

Lockfile: 
  No lockfile
